#
# A fatal error has been detected by the Java Runtime Environment:
#
#  SIGSEGV (0xb) at pc=0x000000011b1adce9, pid=11461, tid=24323
#
# JRE version: Java(TM) SE Runtime Environment (8.0_73-b02) (build 1.8.0_73-b02)
# Java VM: Java HotSpot(TM) 64-Bit Server VM (25.73-b02 mixed mode bsd-amd64 compressed oops)
# Problematic frame:
# C  [libswt-cocoa-4527.jnilib+0x25ce9]  callback+0x297
#
# Failed to write core dump. Core dumps have been disabled. To enable core dumping, try "ulimit -c unlimited" before starting Java again
#
# If you would like to submit a bug report, please visit:
#   http://bugreport.java.com/bugreport/crash.jsp
#

---------------  T H R E A D  ---------------

Current thread (0x0000000102840000):  VMThread [stack: 0x00007000006af000,0x00007000007af000] [id=24323]

siginfo: si_signo: 11 (SIGSEGV), si_code: 1 (SEGV_MAPERR), si_addr: 0x000000000000a6ca

Registers:
RAX=0x000000000000a652, RBX=0x0000000121ef0b60, RCX=0x00007000007ae764, RDX=0x0000000000000001
RSP=0x00007000007ae790, RBP=0x00007000007ae8c0, RSI=0x0000000000000000, RDI=0x0000000000000000
R8 =0x0000000000000c79, R9 =0x000000011e100000, R10=0x000000011ea73130, R11=0x000000011c3108b0
R12=0x00007fff9a48b4c0, R13=0x00007fff9a48b4c0, R14=0x0000000000000000, R15=0x0000000000000000
RIP=0x000000011b1adce9, EFLAGS=0x0000000000010202, ERR=0x0000000000000004
  TRAPNO=0x000000000000000e

Top of Stack: (sp=0x00007000007ae790)
0x00007000007ae790:   000000011b1adadb 00007fff7b8a0320
0x00007000007ae7a0:   00007fff7b8a0318 00000000788a7eb8
0x00007000007ae7b0:   00007fff8b77ed23 00007fff7898ddc8
0x00007000007ae7c0:   00007fff8ae6fd96 00000001028401f8
0x00007000007ae7d0:   000000011c3108e0 0000000100215db0
0x00007000007ae7e0:   0000000200010000 0000000000000000
0x00007000007ae7f0:   00007000007ae850 00007fff00000000
0x00007000007ae800:   000000011e1fc080 0000000121ef45f0
0x00007000007ae810:   0000000000000020 000000010031bc90
0x00007000007ae820:   00007fff8b78070f 0000000000000000
0x00007000007ae830:   0000000000000c79 000000011e100000
0x00007000007ae840:   0000000000000000 00000000000000e0
0x00007000007ae850:   00007000007ae920 00007fff9a48b591
0x00007000007ae860:   000000011e100000 0000000000000c79
0x00007000007ae870:   0000000000000000 0000000000000000
0x00007000007ae880:   00007fff8b77ed23 0000000121ef0b60
0x00007000007ae890:   0000000121ef0e70 00007fff7c36d2a0
0x00007000007ae8a0:   0000000000000000 0000000000000000
0x00007000007ae8b0:   0000000000000000 0000000000000000
0x00007000007ae8c0:   00007000007ae8e0 000000011b18c25e
0x00007000007ae8d0:   00007fff8b78070f 000000010031bc90
0x00007000007ae8e0:   00007000007ae920 00007fff8ae6fe0c
0x00007000007ae8f0:   00007fff8f245d14 00007fff79ad0c80
0x00007000007ae900:   00007000007ae990 00000000000000f8
0x00007000007ae910:   0000000000000000 00000000000000e0
0x00007000007ae920:   00007000007ae960 00007fff8afd905e
0x00007000007ae930:   0000000000000000 0000000121ef0b60
0x00007000007ae940:   00000000000000f8 00007fff9a48b4c0
0x00007000007ae950:   0000000000000000 00007fff7b95d480
0x00007000007ae960:   00007000007ae9e0 00007fff8afd8e2d
0x00007000007ae970:   0000000000000000 0000000000000000
0x00007000007ae980:   00007fff79b5c4e0 000000011da9f670 

Instructions: (pc=0x000000011b1adce9)
0x000000011b1adcc9:   ff ff 01 00 00 00 48 8b 85 08 ff ff ff 48 85 c0
0x000000011b1adcd9:   0f 84 9f 03 00 00 48 8b 85 08 ff ff ff 48 8b 00
0x000000011b1adce9:   48 8b 40 78 48 8b bd 08 ff ff ff ff d0 48 89 85
0x000000011b1adcf9:   30 ff ff ff 48 83 bd 30 ff ff ff 00 74 26 48 8b 

Register to memory mapping:

RAX=0x000000000000a652 is an unknown value
RBX=0x0000000121ef0b60 is an unknown value
RCX=0x00007000007ae764 is an unknown value
RDX=0x0000000000000001 is an unknown value
RSP=0x00007000007ae790 is an unknown value
RBP=0x00007000007ae8c0 is an unknown value
RSI=0x0000000000000000 is an unknown value
RDI=0x0000000000000000 is an unknown value
R8 =0x0000000000000c79 is an unknown value
R9 =0x000000011e100000 is an unknown value
R10=0x000000011ea73130 is an unknown value
R11=0x000000011c3108b0 is an unknown value
R12=0x00007fff9a48b4c0: objc_msgSend+0 in /usr/lib/libobjc.A.dylib at 0x00007fff9a48a000
R13=0x00007fff9a48b4c0: objc_msgSend+0 in /usr/lib/libobjc.A.dylib at 0x00007fff9a48a000
R14=0x0000000000000000 is an unknown value
R15=0x0000000000000000 is an unknown value


Stack: [0x00007000006af000,0x00007000007af000],  sp=0x00007000007ae790,  free space=1021k
Native frames: (J=compiled Java code, j=interpreted, Vv=VM code, C=native code)
C  [libswt-cocoa-4527.jnilib+0x25ce9]  callback+0x297
C  [libswt-cocoa-4527.jnilib+0x425e]  fn0_2+0x27
C  [AppKit+0x128e0c]  -[NSWindow orderWindow:relativeTo:]+0x76
C  [AppKit+0x29205e]  __18-[NSWindow _close]_block_invoke+0x1eb
C  [AppKit+0x291e2d]  -[NSWindow _close]+0x176
C  [FinderKit+0xa654b]  -[FI_TFloatingInputWindowController dealloc]+0x3b
C  [libobjc.A.dylib+0x92f4]  _ZN11objc_object17sidetable_releaseEb+0xf2
C  [AppKit+0x166cce]  -[NSWindowController release]+0x9a
C  [FinderKit+0xa6dea]  _ZN4TRefIP33FI_TFloatingInputWindowController23OBJCRetainReleasePolicyIS1_EED2Ev+0xc
C  [libsystem_c.dylib+0x5f46b]  __cxa_finalize_ranges+0x159
C  [libsystem_c.dylib+0x5f76f]  exit+0x37
V  [libjvm.dylib+0x2e95e2]
V  [libjvm.dylib+0x5ae481]
V  [libjvm.dylib+0x5acaeb]
V  [libjvm.dylib+0x5acf38]
V  [libjvm.dylib+0x5ac857]
V  [libjvm.dylib+0x4838a2]
C  [libsystem_pthread.dylib+0x3c13]  _pthread_body+0x83
C  [libsystem_pthread.dylib+0x3b90]  _pthread_body+0x0
C  [libsystem_pthread.dylib+0x1375]  thread_start+0xd

VM_Operation (0x00007fff5fbff048): Exit, mode: safepoint, requested by thread 0x0000000101006800


---------------  P R O C E S S  ---------------

Java Threads: ( => current thread )
  0x00000001015dc800 JavaThread "process reaper" daemon [_thread_blocked, id=53763, stack(0x00007000016df000,0x0000700001707000)]
  0x00000001011e4000 JavaThread "EMF Reference Cleaner" daemon [_thread_blocked, id=50439, stack(0x00007000015dc000,0x00007000016dc000)]
  0x0000000101033000 JavaThread "Service Thread" daemon [_thread_blocked, id=28419, stack(0x0000700000dc4000,0x0000700000ec4000)]
  0x000000010105b800 JavaThread "C1 CompilerThread2" daemon [_thread_blocked, id=27907, stack(0x0000700000cc1000,0x0000700000dc1000)]
  0x0000000101824000 JavaThread "C2 CompilerThread1" daemon [_thread_blocked, id=27395, stack(0x0000700000bbe000,0x0000700000cbe000)]
  0x000000010104a000 JavaThread "C2 CompilerThread0" daemon [_thread_blocked, id=26883, stack(0x0000700000abb000,0x0000700000bbb000)]
  0x000000010105a800 JavaThread "Signal Dispatcher" daemon [_thread_blocked, id=26123, stack(0x00007000009b8000,0x0000700000ab8000)]
  0x000000010103e000 JavaThread "Finalizer" daemon [_thread_blocked, id=25347, stack(0x00007000008b5000,0x00007000009b5000)]
  0x0000000101004800 JavaThread "Reference Handler" daemon [_thread_blocked, id=24835, stack(0x00007000007b2000,0x00007000008b2000)]
  0x0000000101006800 JavaThread "main" [_thread_blocked, id=5643, stack(0x00007fff5f400000,0x00007fff5fc00000)]

Other Threads:
=>0x0000000102840000 VMThread [stack: 0x00007000006af000,0x00007000007af000] [id=24323]

VM state:at safepoint (shutting down)

VM Mutex/Monitor currently owned by a thread:  ([mutex/lock_event])
[0x000000010060ce20] Threads_lock - owner thread: 0x0000000102840000

Heap:
 PSYoungGen      total 76288K, used 33983K [0x00000007aab00000, 0x00000007b1200000, 0x00000007c0000000)
  eden space 65536K, 51% used [0x00000007aab00000,0x00000007acc2ff80,0x00000007aeb00000)
  from space 10752K, 0% used [0x00000007aeb00000,0x00000007aeb00000,0x00000007af580000)
  to   space 10752K, 0% used [0x00000007b0780000,0x00000007b0780000,0x00000007b1200000)
 ParOldGen       total 227328K, used 21518K [0x0000000780000000, 0x000000078de00000, 0x00000007aab00000)
  object space 227328K, 9% used [0x0000000780000000,0x0000000781503aa8,0x000000078de00000)
 Metaspace       used 33514K, capacity 36868K, committed 37120K, reserved 1081344K
  class space    used 4290K, capacity 5250K, committed 5376K, reserved 1048576K

Card table byte_map: [0x00000001152e9000,0x00000001154ea000] byte_map_base: 0x00000001116e9000

Marking Bits: (ParMarkBitMap*) 0x000000010587fea0
 Begin Bits: [0x0000000115640000, 0x0000000116640000)
 End Bits:   [0x0000000116640000, 0x0000000117640000)

Polling page: 0x00000001000ff000

CodeCache: size=245760Kb used=11243Kb max_used=11394Kb free=234516Kb
 bounds [0x0000000105f29000, 0x0000000106a79000, 0x0000000114f29000]
 total_blobs=4135 nmethods=3548 adapters=497
 compilation: enabled

Compilation events (10 events):
Event: 22.789 Thread 0x000000010105b800 nmethod 4139 0x000000010669ac90 code [0x000000010669ae20, 0x000000010669b2a8]
Event: 22.789 Thread 0x000000010105b800 4140       3       java.util.TimSort::binarySort (223 bytes)
Event: 22.790 Thread 0x000000010105b800 nmethod 4140 0x00000001066a8150 code [0x00000001066a8340, 0x00000001066a8d38]
Event: 22.790 Thread 0x000000010105b800 4141       3       java.util.concurrent.atomic.AtomicLong::get (5 bytes)
Event: 22.791 Thread 0x000000010105b800 nmethod 4141 0x00000001064c2dd0 code [0x00000001064c2f20, 0x00000001064c3070]
Event: 22.791 Thread 0x000000010105b800 4142       3       org.eclipse.osgi.container.Module::holdsTransitionEventLock (25 bytes)
Event: 22.791 Thread 0x000000010105b800 nmethod 4142 0x00000001062ff250 code [0x00000001062ff400, 0x00000001062ffb48]
Event: 22.791 Thread 0x000000010105b800 4143       3       java.util.concurrent.atomic.AtomicReference::getAndSet (12 bytes)
Event: 22.792 Thread 0x000000010105b800 nmethod 4143 0x00000001064fd710 code [0x00000001064fd860, 0x00000001064fd9d0]
Event: 22.793 Thread 0x000000010105b800 4144   !   3       java.util.logging.LogManager::ensureLogManagerInitialized (128 bytes)

GC Heap History (10 events):
Event: 3.382 GC heap before
{Heap before GC invocations=1 (full 0):
 PSYoungGen      total 76288K, used 64305K [0x00000007aab00000, 0x00000007b0000000, 0x00000007c0000000)
  eden space 65536K, 98% used [0x00000007aab00000,0x00000007ae9cc768,0x00000007aeb00000)
  from space 10752K, 0% used [0x00000007af580000,0x00000007af580000,0x00000007b0000000)
  to   space 10752K, 0% used [0x00000007aeb00000,0x00000007aeb00000,0x00000007af580000)
 ParOldGen       total 175104K, used 0K [0x0000000780000000, 0x000000078ab00000, 0x00000007aab00000)
  object space 175104K, 0% used [0x0000000780000000,0x0000000780000000,0x000000078ab00000)
 Metaspace       used 18988K, capacity 21226K, committed 21296K, reserved 1067008K
  class space    used 2169K, capacity 2876K, committed 2944K, reserved 1048576K
Event: 3.413 GC heap after
Heap after GC invocations=1 (full 0):
 PSYoungGen      total 76288K, used 10736K [0x00000007aab00000, 0x00000007b0000000, 0x00000007c0000000)
  eden space 65536K, 0% used [0x00000007aab00000,0x00000007aab00000,0x00000007aeb00000)
  from space 10752K, 99% used [0x00000007aeb00000,0x00000007af57c270,0x00000007af580000)
  to   space 10752K, 0% used [0x00000007af580000,0x00000007af580000,0x00000007b0000000)
 ParOldGen       total 175104K, used 7351K [0x0000000780000000, 0x000000078ab00000, 0x00000007aab00000)
  object space 175104K, 4% used [0x0000000780000000,0x000000078072dda0,0x000000078ab00000)
 Metaspace       used 18988K, capacity 21226K, committed 21296K, reserved 1067008K
  class space    used 2169K, capacity 2876K, committed 2944K, reserved 1048576K
}
Event: 3.413 GC heap before
{Heap before GC invocations=2 (full 1):
 PSYoungGen      total 76288K, used 10736K [0x00000007aab00000, 0x00000007b0000000, 0x00000007c0000000)
  eden space 65536K, 0% used [0x00000007aab00000,0x00000007aab00000,0x00000007aeb00000)
  from space 10752K, 99% used [0x00000007aeb00000,0x00000007af57c270,0x00000007af580000)
  to   space 10752K, 0% used [0x00000007af580000,0x00000007af580000,0x00000007b0000000)
 ParOldGen       total 175104K, used 7351K [0x0000000780000000, 0x000000078ab00000, 0x00000007aab00000)
  object space 175104K, 4% used [0x0000000780000000,0x000000078072dda0,0x000000078ab00000)
 Metaspace       used 18988K, capacity 21226K, committed 21296K, reserved 1067008K
  class space    used 2169K, capacity 2876K, committed 2944K, reserved 1048576K
Event: 3.491 GC heap after
Heap after GC invocations=2 (full 1):
 PSYoungGen      total 76288K, used 0K [0x00000007aab00000, 0x00000007b0000000, 0x00000007c0000000)
  eden space 65536K, 0% used [0x00000007aab00000,0x00000007aab00000,0x00000007aeb00000)
  from space 10752K, 0% used [0x00000007aeb00000,0x00000007aeb00000,0x00000007af580000)
  to   space 10752K, 0% used [0x00000007af580000,0x00000007af580000,0x00000007b0000000)
 ParOldGen       total 175104K, used 17603K [0x0000000780000000, 0x000000078ab00000, 0x00000007aab00000)
  object space 175104K, 10% used [0x0000000780000000,0x0000000781130c68,0x000000078ab00000)
 Metaspace       used 18988K, capacity 21226K, committed 21296K, reserved 1067008K
  class space    used 2169K, capacity 2876K, committed 2944K, reserved 1048576K
}
Event: 6.836 GC heap before
{Heap before GC invocations=3 (full 1):
 PSYoungGen      total 76288K, used 65536K [0x00000007aab00000, 0x00000007b0000000, 0x00000007c0000000)
  eden space 65536K, 100% used [0x00000007aab00000,0x00000007aeb00000,0x00000007aeb00000)
  from space 10752K, 0% used [0x00000007aeb00000,0x00000007aeb00000,0x00000007af580000)
  to   space 10752K, 0% used [0x00000007af580000,0x00000007af580000,0x00000007b0000000)
 ParOldGen       total 175104K, used 17724K [0x0000000780000000, 0x000000078ab00000, 0x00000007aab00000)
  object space 175104K, 10% used [0x0000000780000000,0x000000078114f1a0,0x000000078ab00000)
 Metaspace       used 29357K, capacity 32556K, committed 32768K, reserved 1077248K
  class space    used 3807K, capacity 4796K, committed 4864K, reserved 1048576K
Event: 6.859 GC heap after
Heap after GC invocations=3 (full 1):
 PSYoungGen      total 76288K, used 10743K [0x00000007aab00000, 0x00000007b1100000, 0x00000007c0000000)
  eden space 65536K, 0% used [0x00000007aab00000,0x00000007aab00000,0x00000007aeb00000)
  from space 10752K, 99% used [0x00000007af580000,0x00000007afffde68,0x00000007b0000000)
  to   space 10752K, 0% used [0x00000007aeb00000,0x00000007aeb00000,0x00000007af580000)
 ParOldGen       total 175104K, used 20523K [0x0000000780000000, 0x000000078ab00000, 0x00000007aab00000)
  object space 175104K, 11% used [0x0000000780000000,0x000000078140ae28,0x000000078ab00000)
 Metaspace       used 29357K, capacity 32556K, committed 32768K, reserved 1077248K
  class space    used 3807K, capacity 4796K, committed 4864K, reserved 1048576K
}
Event: 8.442 GC heap before
{Heap before GC invocations=4 (full 1):
 PSYoungGen      total 76288K, used 58202K [0x00000007aab00000, 0x00000007b1100000, 0x00000007c0000000)
  eden space 65536K, 72% used [0x00000007aab00000,0x00000007ad958c30,0x00000007aeb00000)
  from space 10752K, 99% used [0x00000007af580000,0x00000007afffde68,0x00000007b0000000)
  to   space 10752K, 0% used [0x00000007aeb00000,0x00000007aeb00000,0x00000007af580000)
 ParOldGen       total 175104K, used 20523K [0x0000000780000000, 0x000000078ab00000, 0x00000007aab00000)
  object space 175104K, 11% used [0x0000000780000000,0x000000078140ae28,0x000000078ab00000)
 Metaspace       used 32088K, capacity 35394K, committed 35496K, reserved 1079296K
  class space    used 4111K, capacity 5120K, committed 5120K, reserved 1048576K
Event: 8.458 GC heap after
Heap after GC invocations=4 (full 1):
 PSYoungGen      total 76288K, used 10751K [0x00000007aab00000, 0x00000007b1200000, 0x00000007c0000000)
  eden space 65536K, 0% used [0x00000007aab00000,0x00000007aab00000,0x00000007aeb00000)
  from space 10752K, 99% used [0x00000007aeb00000,0x00000007af57ff60,0x00000007af580000)
  to   space 10752K, 0% used [0x00000007b0780000,0x00000007b0780000,0x00000007b1200000)
 ParOldGen       total 175104K, used 22449K [0x0000000780000000, 0x000000078ab00000, 0x00000007aab00000)
  object space 175104K, 12% used [0x0000000780000000,0x00000007815ec528,0x000000078ab00000)
 Metaspace       used 32088K, capacity 35394K, committed 35496K, reserved 1079296K
  class space    used 4111K, capacity 5120K, committed 5120K, reserved 1048576K
}
Event: 8.458 GC heap before
{Heap before GC invocations=5 (full 2):
 PSYoungGen      total 76288K, used 10751K [0x00000007aab00000, 0x00000007b1200000, 0x00000007c0000000)
  eden space 65536K, 0% used [0x00000007aab00000,0x00000007aab00000,0x00000007aeb00000)
  from space 10752K, 99% used [0x00000007aeb00000,0x00000007af57ff60,0x00000007af580000)
  to   space 10752K, 0% used [0x00000007b0780000,0x00000007b0780000,0x00000007b1200000)
 ParOldGen       total 175104K, used 22449K [0x0000000780000000, 0x000000078ab00000, 0x00000007aab00000)
  object space 175104K, 12% used [0x0000000780000000,0x00000007815ec528,0x000000078ab00000)
 Metaspace       used 32088K, capacity 35394K, committed 35496K, reserved 1079296K
  class space    used 4111K, capacity 5120K, committed 5120K, reserved 1048576K
Event: 8.600 GC heap after
Heap after GC invocations=5 (full 2):
 PSYoungGen      total 76288K, used 0K [0x00000007aab00000, 0x00000007b1200000, 0x00000007c0000000)
  eden space 65536K, 0% used [0x00000007aab00000,0x00000007aab00000,0x00000007aeb00000)
  from space 10752K, 0% used [0x00000007aeb00000,0x00000007aeb00000,0x00000007af580000)
  to   space 10752K, 0% used [0x00000007b0780000,0x00000007b0780000,0x00000007b1200000)
 ParOldGen       total 227328K, used 21518K [0x0000000780000000, 0x000000078de00000, 0x00000007aab00000)
  object space 227328K, 9% used [0x0000000780000000,0x0000000781503aa8,0x000000078de00000)
 Metaspace       used 32088K, capacity 35394K, committed 35496K, reserved 1079296K
  class space    used 4111K, capacity 5120K, committed 5120K, reserved 1048576K
}

Deoptimization events (10 events):
Event: 9.443 Thread 0x0000000101d5e000 Uncommon trap: reason=class_check action=maybe_recompile pc=0x000000010616b730 method=org.eclipse.equinox.internal.p2.metadata.expression.Exists.evaluate(Lorg/eclipse/equinox/p2/metadata/expression/IEvaluationContext;Ljava/util/Iterator;)Ljava/lang/Object
Event: 9.443 Thread 0x0000000101d5e000 Uncommon trap: reason=speculate_class_check action=maybe_recompile pc=0x000000010696dd28 method=org.eclipse.equinox.internal.p2.metadata.expression.CoercingComparator.coerceAndCompare(Ljava/lang/Object;Ljava/lang/Object;)I @ 51
Event: 9.443 Thread 0x0000000101d5e000 Uncommon trap: reason=speculate_class_check action=maybe_recompile pc=0x0000000106979830 method=org.eclipse.equinox.internal.p2.metadata.expression.CoercingComparator.coerceAndCompare(Ljava/lang/Object;Ljava/lang/Object;)I @ 51
Event: 9.443 Thread 0x0000000101d5e000 Uncommon trap: reason=speculate_class_check action=maybe_recompile pc=0x0000000106979830 method=org.eclipse.equinox.internal.p2.metadata.expression.CoercingComparator.coerceAndCompare(Ljava/lang/Object;Ljava/lang/Object;)I @ 51
Event: 9.453 Thread 0x0000000101d5e000 Uncommon trap: reason=class_check action=maybe_recompile pc=0x00000001068e4000 method=org.eclipse.equinox.internal.p2.metadata.expression.Binary.accept(Lorg/eclipse/equinox/p2/metadata/expression/IExpressionVisitor;)Z @ 13
Event: 9.457 Thread 0x0000000101d5e000 Uncommon trap: reason=unstable_if action=reinterpret pc=0x00000001068edb68 method=org.eclipse.equinox.p2.query.ExpressionMatchQuery.perform(Ljava/util/Iterator;)Lorg/eclipse/equinox/p2/query/IQueryResult; @ 13
Event: 15.383 Thread 0x0000000101006800 Uncommon trap: reason=class_check action=maybe_recompile pc=0x00000001069d9dd4 method=org.eclipse.swt.widgets.Display.windowProc(JJJ)J @ 784
Event: 15.383 Thread 0x0000000101006800 Uncommon trap: reason=unstable_if action=reinterpret pc=0x00000001069d9514 method=org.eclipse.swt.widgets.Display.windowProc(JJJ)J @ 1207
Event: 22.608 Thread 0x0000000101006800 Uncommon trap: reason=unstable_if action=reinterpret pc=0x00000001069a0ea8 method=org.eclipse.swt.widgets.Display.LookupWidget(JJ)Lorg/eclipse/swt/widgets/Widget; @ 29
Event: 22.747 Thread 0x000000010198e800 Uncommon trap: reason=unstable_if action=reinterpret pc=0x00000001064e8b8c method=org.eclipse.osgi.internal.framework.BundleContextImpl.dispatchEvent(Ljava/lang/Object;Ljava/lang/Object;ILjava/lang/Object;)V @ 16

Internal exceptions (10 events):
Event: 7.513 Thread 0x0000000101006800 Implicit null exception at 0x00000001061315b9 to 0x00000001061317e9
Event: 7.727 Thread 0x0000000101006800 Exception <a 'java/io/FileNotFoundException'> (0x00000007ac6a5768) thrown at [/HUDSON3/workspace/8-2-build-macosx-x86_64/jdk8u73/6086/hotspot/src/share/vm/prims/jni.cpp, line 709]
Event: 7.727 Thread 0x0000000101006800 Exception <a 'java/io/FileNotFoundException'> (0x00000007ac6a6648) thrown at [/HUDSON3/workspace/8-2-build-macosx-x86_64/jdk8u73/6086/hotspot/src/share/vm/prims/jni.cpp, line 709]
Event: 7.827 Thread 0x0000000101401800 Exception <a 'java/lang/InterruptedException'> (0x00000007aca15258) thrown at [/HUDSON3/workspace/8-2-build-macosx-x86_64/jdk8u73/6086/hotspot/src/share/vm/runtime/objectMonitor.cpp, line 1683]
Event: 8.852 Thread 0x0000000101d5e000 Implicit null exception at 0x000000010682e2f5 to 0x000000010682e571
Event: 9.210 Thread 0x0000000101006800 Exception <a 'java/io/IOException'> (0x00000007abc2ff30) thrown at [/HUDSON3/workspace/8-2-build-macosx-x86_64/jdk8u73/6086/hotspot/src/share/vm/prims/jni.cpp, line 709]
Event: 9.221 Thread 0x0000000101006800 Exception <a 'java/io/IOException'> (0x00000007abc37ff8) thrown at [/HUDSON3/workspace/8-2-build-macosx-x86_64/jdk8u73/6086/hotspot/src/share/vm/prims/jni.cpp, line 709]
Event: 9.275 Thread 0x0000000101d5e000 Implicit null exception at 0x000000010689393e to 0x0000000106893bb5
Event: 22.785 Thread 0x000000010198e800 Exception <a 'java/lang/InterruptedException'> (0x00000007ac911b28) thrown at [/HUDSON3/workspace/8-2-build-macosx-x86_64/jdk8u73/6086/hotspot/src/share/vm/runtime/objectMonitor.cpp, line 1683]
Event: 22.789 Thread 0x0000000100ab4800 Exception <a 'java/lang/InterruptedException'> (0x00000007acb68da8) thrown at [/HUDSON3/workspace/8-2-build-macosx-x86_64/jdk8u73/6086/hotspot/src/share/vm/runtime/objectMonitor.cpp, line 1683]

Events (10 events):
Event: 22.792 loading class java/util/IdentityHashMap$KeySet done
Event: 22.792 loading class java/util/IdentityHashMap$KeyIterator
Event: 22.792 loading class java/util/IdentityHashMap$IdentityHashMapIterator
Event: 22.792 loading class java/util/IdentityHashMap$IdentityHashMapIterator done
Event: 22.792 loading class java/util/IdentityHashMap$KeyIterator done
Event: 22.792 Thread 0x0000000122313800 Thread added: 0x0000000122313800
Event: 22.792 Thread 0x0000000122319800 Thread added: 0x0000000122319800
Event: 22.793 Thread 0x0000000122319800 Thread exited: 0x0000000122319800
Event: 22.793 Thread 0x0000000122313800 Thread exited: 0x0000000122313800
Event: 22.793 Executing VM operation: Exit


Dynamic libraries:
0x0000000007fb8000 	/System/Library/Frameworks/Cocoa.framework/Versions/A/Cocoa
0x0000000007fb8000 	/usr/lib/libSystem.B.dylib
0x0000000007fb8000 	/System/Library/Frameworks/CoreServices.framework/Versions/A/CoreServices
0x0000000007fb8000 	/usr/lib/libobjc.A.dylib
0x0000000007fb8000 	/System/Library/Frameworks/CoreFoundation.framework/Versions/A/CoreFoundation
0x0000000007fb8000 	/System/Library/Frameworks/AppKit.framework/Versions/C/AppKit
0x0000000007fb8000 	/System/Library/Frameworks/ApplicationServices.framework/Versions/A/ApplicationServices
0x0000000007fb8000 	/System/Library/Frameworks/Foundation.framework/Versions/C/Foundation
0x0000000007fb8000 	/System/Library/Frameworks/CoreData.framework/Versions/A/CoreData
0x0000000007fb8000 	/System/Library/PrivateFrameworks/RemoteViewServices.framework/Versions/A/RemoteViewServices
0x0000000007fb8000 	/System/Library/PrivateFrameworks/UIFoundation.framework/Versions/A/UIFoundation
0x0000000007fb8000 	/usr/lib/libScreenReader.dylib
0x0000000007fb8000 	/System/Library/Frameworks/Accelerate.framework/Versions/A/Accelerate
0x0000000007fb8000 	/System/Library/Frameworks/IOSurface.framework/Versions/A/IOSurface
0x0000000007fb8000 	/System/Library/Frameworks/AudioToolbox.framework/Versions/A/AudioToolbox
0x0000000007fb8000 	/System/Library/Frameworks/AudioUnit.framework/Versions/A/AudioUnit
0x0000000007fb8000 	/System/Library/PrivateFrameworks/DataDetectorsCore.framework/Versions/A/DataDetectorsCore
0x0000000007fb8000 	/System/Library/PrivateFrameworks/DesktopServicesPriv.framework/Versions/A/DesktopServicesPriv
0x0000000007fb8000 	/System/Library/Frameworks/Carbon.framework/Versions/A/Frameworks/HIToolbox.framework/Versions/A/HIToolbox
0x0000000007fb8000 	/System/Library/Frameworks/QuartzCore.framework/Versions/A/QuartzCore
0x0000000007fb8000 	/System/Library/Frameworks/Security.framework/Versions/A/Security
0x0000000007fb8000 	/System/Library/Frameworks/Carbon.framework/Versions/A/Frameworks/SpeechRecognition.framework/Versions/A/SpeechRecognition
0x0000000007fb8000 	/usr/lib/libauto.dylib
0x0000000007fb8000 	/usr/lib/libicucore.A.dylib
0x0000000007fb8000 	/usr/lib/libxml2.2.dylib
0x0000000007fb8000 	/usr/lib/libz.1.dylib
0x0000000007fb8000 	/System/Library/PrivateFrameworks/CoreUI.framework/Versions/A/CoreUI
0x0000000007fb8000 	/System/Library/Frameworks/CoreAudio.framework/Versions/A/CoreAudio
0x0000000007fb8000 	/System/Library/Frameworks/DiskArbitration.framework/Versions/A/DiskArbitration
0x0000000007fb8000 	/usr/lib/liblangid.dylib
0x0000000007fb8000 	/System/Library/PrivateFrameworks/MultitouchSupport.framework/Versions/A/MultitouchSupport
0x0000000007fb8000 	/System/Library/Frameworks/IOKit.framework/Versions/A/IOKit
0x0000000007fb8000 	/usr/lib/libDiagnosticMessagesClient.dylib
0x0000000007fb8000 	/System/Library/PrivateFrameworks/PerformanceAnalysis.framework/Versions/A/PerformanceAnalysis
0x0000000007fb8000 	/System/Library/PrivateFrameworks/GenerationalStorage.framework/Versions/A/GenerationalStorage
0x0000000007fb8000 	/System/Library/Frameworks/OpenGL.framework/Versions/A/OpenGL
0x0000000007fb8000 	/System/Library/PrivateFrameworks/Sharing.framework/Versions/A/Sharing
0x0000000007fb8000 	/System/Library/Frameworks/CoreGraphics.framework/Versions/A/CoreGraphics
0x0000000007fb8000 	/System/Library/Frameworks/CoreImage.framework/Versions/A/CoreImage
0x0000000007fb8000 	/System/Library/Frameworks/CoreText.framework/Versions/A/CoreText
0x0000000007fb8000 	/System/Library/Frameworks/ImageIO.framework/Versions/A/ImageIO
0x0000000007fb8000 	/System/Library/PrivateFrameworks/Backup.framework/Versions/A/Backup
0x0000000007fb8000 	/usr/lib/libextension.dylib
0x0000000007fb8000 	/usr/lib/libarchive.2.dylib
0x0000000007fb8000 	/System/Library/Frameworks/CFNetwork.framework/Versions/A/CFNetwork
0x0000000007fb8000 	/System/Library/Frameworks/SystemConfiguration.framework/Versions/A/SystemConfiguration
0x0000000007fb8000 	/usr/lib/libCRFSuite.dylib
0x0000000007fb8000 	/usr/lib/libc++.1.dylib
0x0000000007fb8000 	/usr/lib/libc++abi.dylib
0x0000000007fb8000 	/usr/lib/system/libcache.dylib
0x0000000007fb8000 	/usr/lib/system/libcommonCrypto.dylib
0x0000000007fb8000 	/usr/lib/system/libcompiler_rt.dylib
0x0000000007fb8000 	/usr/lib/system/libcopyfile.dylib
0x0000000007fb8000 	/usr/lib/system/libcorecrypto.dylib
0x0000000007fb8000 	/usr/lib/system/libdispatch.dylib
0x0000000007fb8000 	/usr/lib/system/libdyld.dylib
0x0000000007fb8000 	/usr/lib/system/libkeymgr.dylib
0x0000000007fb8000 	/usr/lib/system/liblaunch.dylib
0x0000000007fb8000 	/usr/lib/system/libmacho.dylib
0x0000000007fb8000 	/usr/lib/system/libquarantine.dylib
0x0000000007fb8000 	/usr/lib/system/libremovefile.dylib
0x0000000007fb8000 	/usr/lib/system/libsystem_asl.dylib
0x0000000007fb8000 	/usr/lib/system/libsystem_blocks.dylib
0x0000000007fb8000 	/usr/lib/system/libsystem_c.dylib
0x0000000007fb8000 	/usr/lib/system/libsystem_configuration.dylib
0x0000000007fb8000 	/usr/lib/system/libsystem_coreservices.dylib
0x0000000007fb8000 	/usr/lib/system/libsystem_coretls.dylib
0x0000000007fb8000 	/usr/lib/system/libsystem_dnssd.dylib
0x0000000007fb8000 	/usr/lib/system/libsystem_info.dylib
0x0000000007fb8000 	/usr/lib/system/libsystem_kernel.dylib
0x0000000007fb8000 	/usr/lib/system/libsystem_m.dylib
0x0000000007fb8000 	/usr/lib/system/libsystem_malloc.dylib
0x0000000007fb8000 	/usr/lib/system/libsystem_network.dylib
0x0000000007fb8000 	/usr/lib/system/libsystem_networkextension.dylib
0x0000000007fb8000 	/usr/lib/system/libsystem_notify.dylib
0x0000000007fb8000 	/usr/lib/system/libsystem_platform.dylib
0x0000000007fb8000 	/usr/lib/system/libsystem_pthread.dylib
0x0000000007fb8000 	/usr/lib/system/libsystem_sandbox.dylib
0x0000000007fb8000 	/usr/lib/system/libsystem_secinit.dylib
0x0000000007fb8000 	/usr/lib/system/libsystem_trace.dylib
0x0000000007fb8000 	/usr/lib/system/libunc.dylib
0x0000000007fb8000 	/usr/lib/system/libunwind.dylib
0x0000000007fb8000 	/usr/lib/system/libxpc.dylib
0x0000000007fb8000 	/usr/lib/libenergytrace.dylib
0x0000000007fb8000 	/usr/lib/libbsm.0.dylib
0x0000000007fb8000 	/usr/lib/system/libkxld.dylib
0x0000000007fb8000 	/usr/lib/libxar.1.dylib
0x0000000007fb8000 	/usr/lib/libsqlite3.dylib
0x0000000007fb8000 	/usr/lib/libpam.2.dylib
0x0000000007fb8000 	/usr/lib/libOpenScriptingUtil.dylib
0x0000000007fb8000 	/usr/lib/libbz2.1.0.dylib
0x0000000007fb8000 	/usr/lib/liblzma.5.dylib
0x0000000007fb8000 	/System/Library/Frameworks/CoreServices.framework/Versions/A/Frameworks/FSEvents.framework/Versions/A/FSEvents
0x0000000007fb8000 	/System/Library/Frameworks/CoreServices.framework/Versions/A/Frameworks/CarbonCore.framework/Versions/A/CarbonCore
0x0000000007fb8000 	/System/Library/Frameworks/CoreServices.framework/Versions/A/Frameworks/Metadata.framework/Versions/A/Metadata
0x0000000007fb8000 	/System/Library/Frameworks/CoreServices.framework/Versions/A/Frameworks/OSServices.framework/Versions/A/OSServices
0x0000000007fb8000 	/System/Library/Frameworks/CoreServices.framework/Versions/A/Frameworks/SearchKit.framework/Versions/A/SearchKit
0x0000000007fb8000 	/System/Library/Frameworks/CoreServices.framework/Versions/A/Frameworks/AE.framework/Versions/A/AE
0x0000000007fb8000 	/System/Library/Frameworks/CoreServices.framework/Versions/A/Frameworks/LaunchServices.framework/Versions/A/LaunchServices
0x0000000007fb8000 	/System/Library/Frameworks/CoreServices.framework/Versions/A/Frameworks/DictionaryServices.framework/Versions/A/DictionaryServices
0x0000000007fb8000 	/System/Library/Frameworks/CoreServices.framework/Versions/A/Frameworks/SharedFileList.framework/Versions/A/SharedFileList
0x0000000007fb8000 	/System/Library/Frameworks/NetFS.framework/Versions/A/NetFS
0x0000000007fb8000 	/System/Library/PrivateFrameworks/NetAuth.framework/Versions/A/NetAuth
0x0000000007fb8000 	/System/Library/PrivateFrameworks/login.framework/Versions/A/Frameworks/loginsupport.framework/Versions/A/loginsupport
0x0000000007fb8000 	/System/Library/PrivateFrameworks/TCC.framework/Versions/A/TCC
0x0000000007fb8000 	/usr/lib/libmecabra.dylib
0x0000000007fb8000 	/System/Library/Frameworks/ApplicationServices.framework/Versions/A/Frameworks/ATS.framework/Versions/A/ATS
0x0000000007fb8000 	/System/Library/Frameworks/ApplicationServices.framework/Versions/A/Frameworks/ColorSync.framework/Versions/A/ColorSync
0x0000000007fb8000 	/System/Library/Frameworks/ApplicationServices.framework/Versions/A/Frameworks/HIServices.framework/Versions/A/HIServices
0x0000000007fb8000 	/System/Library/Frameworks/ApplicationServices.framework/Versions/A/Frameworks/LangAnalysis.framework/Versions/A/LangAnalysis
0x0000000007fb8000 	/System/Library/Frameworks/ApplicationServices.framework/Versions/A/Frameworks/PrintCore.framework/Versions/A/PrintCore
0x0000000007fb8000 	/System/Library/Frameworks/ApplicationServices.framework/Versions/A/Frameworks/QD.framework/Versions/A/QD
0x0000000007fb8000 	/System/Library/Frameworks/ApplicationServices.framework/Versions/A/Frameworks/SpeechSynthesis.framework/Versions/A/SpeechSynthesis
0x0000000007fb8000 	/System/Library/Frameworks/Metal.framework/Versions/A/Metal
0x0000000007fb8000 	/System/Library/Frameworks/Accelerate.framework/Versions/A/Frameworks/vImage.framework/Versions/A/vImage
0x0000000007fb8000 	/System/Library/Frameworks/Accelerate.framework/Versions/A/Frameworks/vecLib.framework/Versions/A/vecLib
0x0000000007fb8000 	/System/Library/Frameworks/Accelerate.framework/Versions/A/Frameworks/vecLib.framework/Versions/A/libvDSP.dylib
0x0000000007fb8000 	/System/Library/Frameworks/Accelerate.framework/Versions/A/Frameworks/vecLib.framework/Versions/A/libvMisc.dylib
0x0000000007fb8000 	/System/Library/Frameworks/Accelerate.framework/Versions/A/Frameworks/vecLib.framework/Versions/A/libLAPACK.dylib
0x0000000007fb8000 	/System/Library/Frameworks/Accelerate.framework/Versions/A/Frameworks/vecLib.framework/Versions/A/libBLAS.dylib
0x0000000007fb8000 	/System/Library/Frameworks/Accelerate.framework/Versions/A/Frameworks/vecLib.framework/Versions/A/libLinearAlgebra.dylib
0x0000000007fb8000 	/System/Library/Frameworks/Accelerate.framework/Versions/A/Frameworks/vecLib.framework/Versions/A/libSparseBLAS.dylib
0x0000000007fb8000 	/System/Library/PrivateFrameworks/GPUCompiler.framework/libmetal_timestamp.dylib
0x0000000007fb8000 	/System/Library/Frameworks/OpenGL.framework/Versions/A/Libraries/libCoreFSCache.dylib
0x0000000007fb8000 	/System/Library/PrivateFrameworks/IOAccelerator.framework/Versions/A/IOAccelerator
0x0000000007fb8000 	/System/Library/Frameworks/ApplicationServices.framework/Versions/A/Frameworks/ATS.framework/Versions/A/Resources/libFontParser.dylib
0x0000000007fb8000 	/System/Library/Frameworks/ApplicationServices.framework/Versions/A/Frameworks/ATS.framework/Versions/A/Resources/libFontRegistry.dylib
0x0000000007fb8000 	/System/Library/PrivateFrameworks/AppleVPA.framework/Versions/A/AppleVPA
0x0000000007fb8000 	/System/Library/PrivateFrameworks/AppleJPEG.framework/Versions/A/AppleJPEG
0x0000000007fb8000 	/System/Library/Frameworks/ImageIO.framework/Versions/A/Resources/libJPEG.dylib
0x0000000007fb8000 	/System/Library/Frameworks/ImageIO.framework/Versions/A/Resources/libTIFF.dylib
0x0000000007fb8000 	/System/Library/Frameworks/ImageIO.framework/Versions/A/Resources/libPng.dylib
0x0000000007fb8000 	/System/Library/Frameworks/ImageIO.framework/Versions/A/Resources/libGIF.dylib
0x0000000007fb8000 	/System/Library/Frameworks/ImageIO.framework/Versions/A/Resources/libJP2.dylib
0x0000000007fb8000 	/System/Library/Frameworks/ImageIO.framework/Versions/A/Resources/libRadiance.dylib
0x0000000007fb8000 	/System/Library/Frameworks/CoreVideo.framework/Versions/A/CoreVideo
0x0000000007fb8000 	/System/Library/Frameworks/OpenGL.framework/Versions/A/Libraries/libGLU.dylib
0x0000000007fb8000 	/System/Library/Frameworks/OpenGL.framework/Versions/A/Libraries/libGFXShared.dylib
0x0000000007fb8000 	/System/Library/Frameworks/OpenGL.framework/Versions/A/Libraries/libGL.dylib
0x0000000007fb8000 	/System/Library/Frameworks/OpenGL.framework/Versions/A/Libraries/libGLImage.dylib
0x0000000007fb8000 	/System/Library/Frameworks/OpenGL.framework/Versions/A/Libraries/libCVMSPluginSupport.dylib
0x0000000007fb8000 	/System/Library/Frameworks/OpenGL.framework/Versions/A/Libraries/libCoreVMClient.dylib
0x0000000007fb8000 	/usr/lib/libcups.2.dylib
0x0000000007fb8000 	/System/Library/Frameworks/Kerberos.framework/Versions/A/Kerberos
0x0000000007fb8000 	/System/Library/Frameworks/GSS.framework/Versions/A/GSS
0x0000000007fb8000 	/usr/lib/libresolv.9.dylib
0x0000000007fb8000 	/usr/lib/libiconv.2.dylib
0x0000000007fb8000 	/System/Library/PrivateFrameworks/Heimdal.framework/Versions/A/Heimdal
0x0000000007fb8000 	/usr/lib/libheimdal-asn1.dylib
0x0000000007fb8000 	/System/Library/Frameworks/OpenDirectory.framework/Versions/A/OpenDirectory
0x0000000007fb8000 	/System/Library/PrivateFrameworks/CommonAuth.framework/Versions/A/CommonAuth
0x0000000007fb8000 	/System/Library/Frameworks/OpenDirectory.framework/Versions/A/Frameworks/CFOpenDirectory.framework/Versions/A/CFOpenDirectory
0x0000000007fb8000 	/System/Library/Frameworks/SecurityFoundation.framework/Versions/A/SecurityFoundation
0x0000000007fb8000 	/System/Library/PrivateFrameworks/LanguageModeling.framework/Versions/A/LanguageModeling
0x0000000007fb8000 	/usr/lib/libmarisa.dylib
0x0000000007fb8000 	/usr/lib/libChineseTokenizer.dylib
0x0000000007fb8000 	/usr/lib/libcmph.dylib
0x0000000007fb8000 	/usr/lib/libcompression.dylib
0x0000000007fb8000 	/System/Library/Frameworks/ServiceManagement.framework/Versions/A/ServiceManagement
0x0000000007fb8000 	/usr/lib/libxslt.1.dylib
0x0000000007fb8000 	/System/Library/Frameworks/Carbon.framework/Versions/A/Frameworks/Ink.framework/Versions/A/Ink
0x0000000007fb8000 	/usr/lib/libFosl_dynamic.dylib
0x0000000007fb8000 	/System/Library/PrivateFrameworks/FaceCore.framework/Versions/A/FaceCore
0x0000000007fb8000 	/System/Library/Frameworks/OpenCL.framework/Versions/A/OpenCL
0x0000000007fb8000 	/System/Library/PrivateFrameworks/CrashReporterSupport.framework/Versions/A/CrashReporterSupport
0x0000000007fb8000 	/System/Library/PrivateFrameworks/IconServices.framework/Versions/A/IconServices
0x0000000007fb8000 	/System/Library/PrivateFrameworks/Apple80211.framework/Versions/A/Apple80211
0x0000000007fb8000 	/System/Library/Frameworks/CoreWLAN.framework/Versions/A/CoreWLAN
0x0000000007fb8000 	/System/Library/Frameworks/IOBluetooth.framework/Versions/A/IOBluetooth
0x0000000007fb8000 	/System/Library/PrivateFrameworks/CoreWiFi.framework/Versions/A/CoreWiFi
0x0000000007fb8000 	/System/Library/Frameworks/CoreBluetooth.framework/Versions/A/CoreBluetooth
0x0000000007fb8000 	/System/Library/PrivateFrameworks/ChunkingLibrary.framework/Versions/A/ChunkingLibrary
0x0000000007fb8000 	/System/Library/PrivateFrameworks/DebugSymbols.framework/Versions/A/DebugSymbols
0x0000000007fb8000 	/System/Library/PrivateFrameworks/CoreSymbolication.framework/Versions/A/CoreSymbolication
0x0000000007fb8000 	/System/Library/PrivateFrameworks/Symbolication.framework/Versions/A/Symbolication
0x0000000007fb8000 	/System/Library/PrivateFrameworks/SpeechRecognitionCore.framework/Versions/A/SpeechRecognitionCore
0x000000004573b000 	/System/Library/CoreServices/Encodings/libJapaneseConverter.dylib
0x00000001000dc000 	/Users/yoka/Downloads/Eclipse Installer.app/Contents/Eclipse/plugins/org.eclipse.equinox.launcher.cocoa.macosx.x86_64_1.1.300.v20150602-1417/eclipse_1611.so
0x0000000007fb8000 	/System/Library/PrivateFrameworks/CoreServicesInternal.framework/Versions/A/CoreServicesInternal
0x000000010073c000 	/Library/Java/JavaVirtualMachines/jdk1.8.0_73.jdk/Contents/MacOS/libjli.dylib
0x0000000104f9c000 	/Library/Java/JavaVirtualMachines/jdk1.8.0_73.jdk/Contents/Home/jre//lib/server/libjvm.dylib
0x0000000007fb8000 	/usr/lib/libstdc++.6.dylib
0x000000010074c000 	/Library/Java/JavaVirtualMachines/jdk1.8.0_73.jdk/Contents/Home/jre/lib/libverify.dylib
0x000000010075a000 	/Library/Java/JavaVirtualMachines/jdk1.8.0_73.jdk/Contents/Home/jre/lib/libjava.dylib
0x0000000100797000 	/Library/Java/JavaVirtualMachines/jdk1.8.0_73.jdk/Contents/Home/jre/lib/libzip.dylib
0x00000001192c6000 	/System/Library/Frameworks/JavaVM.framework/Frameworks/JavaRuntimeSupport.framework/JavaRuntimeSupport
0x00000001192e1000 	/System/Library/Frameworks/JavaVM.framework/Versions/A/Frameworks/JavaNativeFoundation.framework/Versions/A/JavaNativeFoundation
0x00000001192f6000 	/System/Library/Frameworks/JavaVM.framework/Versions/A/JavaVM
0x0000000007fb8000 	/System/Library/Frameworks/Carbon.framework/Versions/A/Carbon
0x0000000119303000 	/System/Library/PrivateFrameworks/JavaLaunching.framework/Versions/A/JavaLaunching
0x0000000007fb8000 	/System/Library/Frameworks/Carbon.framework/Versions/A/Frameworks/CommonPanels.framework/Versions/A/CommonPanels
0x0000000007fb8000 	/System/Library/Frameworks/Carbon.framework/Versions/A/Frameworks/Help.framework/Versions/A/Help
0x0000000007fb8000 	/System/Library/Frameworks/Carbon.framework/Versions/A/Frameworks/ImageCapture.framework/Versions/A/ImageCapture
0x0000000007fb8000 	/System/Library/Frameworks/Carbon.framework/Versions/A/Frameworks/OpenScripting.framework/Versions/A/OpenScripting
0x0000000007fb8000 	/System/Library/Frameworks/Carbon.framework/Versions/A/Frameworks/Print.framework/Versions/A/Print
0x0000000007fb8000 	/System/Library/Frameworks/Carbon.framework/Versions/A/Frameworks/SecurityHI.framework/Versions/A/SecurityHI
0x0000000007fb8000 	/System/Library/CoreServices/RawCamera.bundle/Contents/MacOS/RawCamera
0x0000000007fb8000 	/System/Library/Frameworks/CoreGraphics.framework/Versions/A/Resources/libRIP.A.dylib
0x0000000007fb8000 	/System/Library/PrivateFrameworks/FamilyControls.framework/Versions/A/FamilyControls
0x0000000007fb8000 	/System/Library/PrivateFrameworks/CommerceKit.framework/Versions/A/Frameworks/CommerceCore.framework/Versions/A/CommerceCore
0x0000000007fb8000 	/System/Library/PrivateFrameworks/SystemAdministration.framework/Versions/A/SystemAdministration
0x0000000007fb8000 	/System/Library/PrivateFrameworks/AppContainer.framework/Versions/A/AppContainer
0x0000000007fb8000 	/System/Library/PrivateFrameworks/SecCodeWrapper.framework/Versions/A/SecCodeWrapper
0x0000000007fb8000 	/System/Library/Frameworks/DirectoryService.framework/Versions/A/DirectoryService
0x0000000007fb8000 	/System/Library/PrivateFrameworks/DiskImages.framework/Versions/A/DiskImages
0x0000000007fb8000 	/System/Library/PrivateFrameworks/LoginUIKit.framework/Versions/A/Frameworks/LoginUICore.framework/Versions/A/LoginUICore
0x0000000007fb8000 	/usr/lib/libCoreStorage.dylib
0x0000000007fb8000 	/usr/lib/libcsfde.dylib
0x0000000007fb8000 	/usr/lib/libodfde.dylib
0x0000000007fb8000 	/System/Library/Frameworks/DiscRecording.framework/Versions/A/DiscRecording
0x0000000007fb8000 	/usr/lib/libcurl.4.dylib
0x0000000007fb8000 	/System/Library/PrivateFrameworks/MediaKit.framework/Versions/A/MediaKit
0x0000000007fb8000 	/System/Library/PrivateFrameworks/ProtectedCloudStorage.framework/Versions/A/ProtectedCloudStorage
0x0000000007fb8000 	/System/Library/PrivateFrameworks/EFILogin.framework/Versions/A/EFILogin
0x0000000007fb8000 	/usr/lib/libutil.dylib
0x0000000007fb8000 	/System/Library/PrivateFrameworks/FindMyDevice.framework/Versions/A/FindMyDevice
0x0000000007fb8000 	/System/Library/Frameworks/LDAP.framework/Versions/A/LDAP
0x0000000007fb8000 	/usr/lib/libsasl2.2.dylib
0x0000000007fb8000 	/System/Library/PrivateFrameworks/CoreDaemon.framework/Versions/B/CoreDaemon
0x0000000007fb8000 	/usr/lib/libcrypto.0.9.8.dylib
0x0000000007fb8000 	/System/Library/PrivateFrameworks/AppleSRP.framework/Versions/A/AppleSRP
0x0000000007fb8000 	/System/Library/PrivateFrameworks/TrustEvaluationAgent.framework/Versions/A/TrustEvaluationAgent
0x0000000007fb8000 	/System/Library/Frameworks/Accelerate.framework/Versions/A/Frameworks/vImage.framework/Versions/A/Libraries/libCGInterfaces.dylib
0x0000000007fb8000 	/System/Library/Frameworks/CoreGraphics.framework/Versions/A/Resources/libCGXType.A.dylib
0x0000000007fb8000 	/System/Library/Frameworks/OpenCL.framework/Versions/A/Libraries/libcldcpuengine.dylib
0x000000011b41a000 	cl_kernels
0x0000000007fb8000 	/System/Library/Frameworks/OpenCL.framework/Versions/A/Libraries/ImageFormats/unorm8_bgra.dylib
0x0000000007fb8000 	/System/Library/Frameworks/OpenCL.framework/Versions/A/Libraries/ImageFormats/unorm8_rgba.dylib
0x000000011b966000 	/Library/Java/JavaVirtualMachines/jdk1.8.0_73.jdk/Contents/Home/jre/lib/libnet.dylib
0x000000011b97d000 	/Library/Java/JavaVirtualMachines/jdk1.8.0_73.jdk/Contents/Home/jre/lib/libnio.dylib
0x000000011b188000 	/Users/yoka/Downloads/Eclipse Installer.app/Contents/Eclipse/configuration/org.eclipse.osgi/141/0/.cp/libswt-cocoa-4527.jnilib
0x0000000007fb8000 	/System/Library/Frameworks/WebKit.framework/Versions/A/WebKit
0x0000000007fb8000 	/System/Library/Frameworks/JavaScriptCore.framework/Versions/A/JavaScriptCore
0x0000000007fb8000 	/System/Library/Frameworks/SecurityInterface.framework/Versions/A/SecurityInterface
0x0000000007fb8000 	/System/Library/Frameworks/WebKit.framework/Versions/A/Frameworks/WebKitLegacy.framework/Versions/A/WebKitLegacy
0x0000000007fb8000 	/System/Library/Frameworks/WebKit.framework/Versions/A/Frameworks/WebCore.framework/Versions/A/WebCore
0x000000011bf5f000 	/Users/yoka/Downloads/Eclipse Installer.app/Contents/Eclipse/configuration/org.eclipse.osgi/141/0/.cp/libswt-pi-cocoa-4527.jnilib
0x000000011b3d6000 	/Library/Java/JavaVirtualMachines/jdk1.8.0_73.jdk/Contents/Home/jre/lib/libsunec.dylib
0x000000011b59b000 	/System/Library/PrivateFrameworks/WebContentAnalysis.framework/WebContentAnalysis
0x0000000007fb8000 	/System/Library/Frameworks/LatentSemanticMapping.framework/Versions/A/LatentSemanticMapping
0x0000000007fb8000 	/System/Library/Frameworks/NetworkExtension.framework/Versions/A/NetworkExtension
0x0000000007fb8000 	/System/Library/PrivateFrameworks/Network.framework/Versions/A/Network
0x0000000007fb8000 	/System/Library/PrivateFrameworks/EAP8021X.framework/Versions/A/EAP8021X
0x0000000007fb8000 	/usr/lib/libnetwork.dylib
0x0000000007fb8000 	/System/Library/Frameworks/AVFoundation.framework/Versions/A/AVFoundation
0x0000000007fb8000 	/System/Library/Frameworks/AVFoundation.framework/Versions/A/Resources/libAVFAudio.dylib
0x0000000007fb8000 	/System/Library/Frameworks/CoreMedia.framework/Versions/A/CoreMedia
0x0000000007fb8000 	/System/Library/Frameworks/MediaToolbox.framework/Versions/A/MediaToolbox
0x0000000007fb8000 	/System/Library/Frameworks/VideoToolbox.framework/Versions/A/VideoToolbox
0x0000000007fb8000 	/System/Library/Frameworks/CoreMediaIO.framework/Versions/A/CoreMediaIO
0x0000000007fb8000 	/usr/lib/libspindump.dylib
0x0000000007fb8000 	/System/Library/PrivateFrameworks/CoreAVCHD.framework/Versions/A/CoreAVCHD
0x0000000007fb8000 	/System/Library/Frameworks/MediaAccessibility.framework/Versions/A/MediaAccessibility
0x0000000007fb8000 	/System/Library/PrivateFrameworks/Mangrove.framework/Versions/A/Mangrove
0x0000000007fb8000 	/System/Library/PrivateFrameworks/CoreAUC.framework/Versions/A/CoreAUC
0x0000000007fb8000 	/System/Library/PrivateFrameworks/AppleVA.framework/Versions/A/AppleVA
0x0000000007fb8000 	/System/Library/PrivateFrameworks/XPCService.framework/Versions/A/XPCService
0x0000000007fb8000 	/System/Library/PrivateFrameworks/AppSandbox.framework/Versions/A/AppSandbox
0x0000000007fb8000 	/usr/lib/libsandbox.1.dylib
0x0000000007fb8000 	/usr/lib/libMatch.1.dylib
0x000000011b75c000 	/Library/Java/JavaVirtualMachines/jdk1.8.0_73.jdk/Contents/Home/jre/lib/libawt.dylib
0x000000011d432000 	/Library/Java/JavaVirtualMachines/jdk1.8.0_73.jdk/Contents/Home/jre/lib/./libmlib_image.dylib
0x000000011e738000 	/Library/Java/JavaVirtualMachines/jdk1.8.0_73.jdk/Contents/Home/jre/lib/libawt_lwawt.dylib
0x000000011b6ae000 	/Library/Java/JavaVirtualMachines/jdk1.8.0_73.jdk/Contents/Home/jre/lib/./libosxapp.dylib
0x0000000007fb8000 	/System/Library/Frameworks/ExceptionHandling.framework/Versions/A/ExceptionHandling
0x0000000007fb8000 	/System/Library/PrivateFrameworks/CloudDocs.framework/Versions/A/CloudDocs
0x0000000007fb8000 	/System/Library/PrivateFrameworks/CoreDuet.framework/Versions/A/CoreDuet
0x0000000007fb8000 	/System/Library/Frameworks/CloudKit.framework/Versions/A/CloudKit
0x0000000007fb8000 	/System/Library/PrivateFrameworks/ProtocolBuffer.framework/Versions/A/ProtocolBuffer
0x0000000007fb8000 	/System/Library/PrivateFrameworks/CoreDuetDaemonProtocol.framework/Versions/A/CoreDuetDaemonProtocol
0x0000000007fb8000 	/System/Library/PrivateFrameworks/CoreDuetDebugLogging.framework/Versions/A/CoreDuetDebugLogging
0x0000000007fb8000 	/System/Library/PrivateFrameworks/MMCS.framework/Versions/A/MMCS
0x0000000007fb8000 	/System/Library/Frameworks/CoreLocation.framework/Versions/A/CoreLocation
0x0000000007fb8000 	/System/Library/PrivateFrameworks/AssetCacheServices.framework/Versions/A/AssetCacheServices
0x0000000007fb8000 	/System/Library/PrivateFrameworks/GeoServices.framework/Versions/A/GeoServices
0x0000000007fb8000 	/System/Library/PrivateFrameworks/DataDetectors.framework/Versions/A/DataDetectors
0x0000000007fb8000 	/System/Library/Frameworks/AddressBook.framework/Versions/A/AddressBook
0x0000000007fb8000 	/System/Library/Frameworks/Quartz.framework/Versions/A/Quartz
0x0000000007fb8000 	/System/Library/PrivateFrameworks/ContactsPersistence.framework/Versions/A/ContactsPersistence
0x0000000007fb8000 	/System/Library/PrivateFrameworks/ContactsFoundation.framework/Versions/A/ContactsFoundation
0x0000000007fb8000 	/System/Library/PrivateFrameworks/vCard.framework/Versions/A/vCard
0x0000000007fb8000 	/System/Library/PrivateFrameworks/IntlPreferences.framework/Versions/A/IntlPreferences
0x0000000007fb8000 	/System/Library/PrivateFrameworks/ToneLibrary.framework/Versions/A/ToneLibrary
0x0000000007fb8000 	/System/Library/PrivateFrameworks/ToneKit.framework/Versions/A/ToneKit
0x0000000007fb8000 	/System/Library/PrivateFrameworks/ApplePushService.framework/Versions/A/ApplePushService
0x0000000007fb8000 	/System/Library/PrivateFrameworks/PhoneNumbers.framework/Versions/A/PhoneNumbers
0x0000000007fb8000 	/System/Library/PrivateFrameworks/ViewBridge.framework/Versions/A/ViewBridge
0x0000000007fb8000 	/System/Library/Frameworks/Quartz.framework/Versions/A/Frameworks/QuartzComposer.framework/Versions/A/QuartzComposer
0x0000000007fb8000 	/System/Library/Frameworks/Quartz.framework/Versions/A/Frameworks/PDFKit.framework/Versions/A/PDFKit
0x0000000007fb8000 	/System/Library/Frameworks/Quartz.framework/Versions/A/Frameworks/QuartzFilters.framework/Versions/A/QuartzFilters
0x0000000007fb8000 	/System/Library/Frameworks/Quartz.framework/Versions/A/Frameworks/ImageKit.framework/Versions/A/ImageKit
0x0000000007fb8000 	/System/Library/Frameworks/Quartz.framework/Versions/A/Frameworks/QuickLookUI.framework/Versions/A/QuickLookUI
0x0000000007fb8000 	/System/Library/Frameworks/QTKit.framework/Versions/A/QTKit
0x0000000007fb8000 	/System/Library/PrivateFrameworks/AppleSystemInfo.framework/Versions/A/AppleSystemInfo
0x0000000007fb8000 	/System/Library/PrivateFrameworks/CoreMediaAuthoring.framework/Versions/A/CoreMediaAuthoring
0x0000000007fb8000 	/System/Library/PrivateFrameworks/CorePDF.framework/Versions/A/CorePDF
0x0000000007fb8000 	/System/Library/Frameworks/QuickLook.framework/Versions/A/QuickLook
0x0000000007fb8000 	/System/Library/PrivateFrameworks/DisplayServices.framework/Versions/A/DisplayServices
0x0000000007fb8000 	/System/Library/Frameworks/ImageCaptureCore.framework/Versions/A/ImageCaptureCore
0x0000000007fb8000 	/System/Library/PrivateFrameworks/SafariServices.framework/Versions/A/SafariServices
0x0000000007fb8000 	/System/Library/PrivateFrameworks/FinderKit.framework/Versions/A/FinderKit
0x0000000007fb8000 	/System/Library/PrivateFrameworks/Bom.framework/Versions/A/Bom
0x0000000007fb8000 	/System/Library/PrivateFrameworks/Suggestions.framework/Versions/A/Suggestions
0x0000000007fb8000 	/System/Library/PrivateFrameworks/AppleFSCompression.framework/Versions/A/AppleFSCompression
0x0000000007fb8000 	/System/Library/PrivateFrameworks/PlugInKit.framework/Versions/A/PlugInKit
0x0000000007fb8000 	/System/Library/PrivateFrameworks/CacheDelete.framework/Versions/A/CacheDelete
0x0000000007fb8000 	/System/Library/Frameworks/OpenGL.framework/Versions/A/Resources/GLEngine.bundle/GLEngine
0x0000000007fb8000 	/System/Library/Frameworks/OpenGL.framework/Versions/A/Libraries/libGLProgrammability.dylib
0x0000000127000000 	/System/Library/Extensions/AppleIntelHD3000GraphicsGLDriver.bundle/Contents/MacOS/AppleIntelHD3000GraphicsGLDriver
0x0000000007fb8000 	/System/Library/PrivateFrameworks/GPUSupport.framework/Versions/A/Libraries/libGPUSupport.dylib
0x0000000007fb8000 	/System/Library/Frameworks/OpenGL.framework/Versions/A/Resources/GLRendererFloat.bundle/GLRendererFloat

VM Arguments:
jvm_args: -Xms256M -Xmx1024M -XstartOnFirstThread -Dorg.eclipse.swt.internal.carbon.smallFonts 
java_command: <unknown>
java_class_path (initial): /Users/yoka/Downloads/Eclipse Installer.app/Contents/MacOS//../Eclipse/plugins/org.eclipse.equinox.launcher_1.3.100.v20150511-1540.jar
Launcher Type: generic

Environment Variables:
PATH=/usr/bin:/bin:/usr/sbin:/sbin
SHELL=/bin/bash

Signal Handlers:
SIGSEGV: [libjvm.dylib+0x5a71a5], sa_mask[0]=11111111011111110111111111111111, sa_flags=SA_ONSTACK|SA_RESTART|SA_SIGINFO
SIGBUS: [libjvm.dylib+0x5a71a5], sa_mask[0]=11111111011111110111111111111111, sa_flags=SA_RESTART|SA_SIGINFO
SIGFPE: [libjvm.dylib+0x480eb4], sa_mask[0]=11111111011111110111111111111111, sa_flags=SA_RESTART|SA_SIGINFO
SIGPIPE: [libjvm.dylib+0x480eb4], sa_mask[0]=11111111011111110111111111111111, sa_flags=SA_RESTART|SA_SIGINFO
SIGXFSZ: [libjvm.dylib+0x480eb4], sa_mask[0]=11111111011111110111111111111111, sa_flags=SA_RESTART|SA_SIGINFO
SIGILL: [libjvm.dylib+0x480eb4], sa_mask[0]=11111111011111110111111111111111, sa_flags=SA_RESTART|SA_SIGINFO
SIGUSR1: SIG_DFL, sa_mask[0]=00000000000000000000000000000000, sa_flags=none
SIGUSR2: [libjvm.dylib+0x4809d2], sa_mask[0]=00000000000000000000000000000000, sa_flags=SA_RESTART|SA_SIGINFO
SIGHUP: [libjvm.dylib+0x47efa9], sa_mask[0]=11111111011111110111111111111111, sa_flags=SA_RESTART|SA_SIGINFO
SIGINT: [libjvm.dylib+0x47efa9], sa_mask[0]=11111111011111110111111111111111, sa_flags=SA_RESTART|SA_SIGINFO
SIGTERM: [libjvm.dylib+0x47efa9], sa_mask[0]=11111111011111110111111111111111, sa_flags=SA_RESTART|SA_SIGINFO
SIGQUIT: [libjvm.dylib+0x47efa9], sa_mask[0]=11111111011111110111111111111111, sa_flags=SA_RESTART|SA_SIGINFO


---------------  S Y S T E M  ---------------

OS:Bsduname:Darwin 15.2.0 Darwin Kernel Version 15.2.0: Fri Nov 13 19:56:56 PST 2015; root:xnu-3248.20.55~2/RELEASE_X86_64 x86_64
rlimit: STACK 8192k, CORE 0k, NPROC 709, NOFILE 10240, AS infinity
load average:4.43 3.43 2.85

CPU:total 4 (2 cores per cpu, 2 threads per core) family 6 model 42 stepping 7, cmov, cx8, fxsr, mmx, sse, sse2, sse3, ssse3, sse4.1, sse4.2, popcnt, avx, aes, clmul, ht, tsc, tscinvbit

Memory: 4k page, physical 4194304k(220844k free)

/proc/meminfo:


vm_info: Java HotSpot(TM) 64-Bit Server VM (25.73-b02) for bsd-amd64 JRE (1.8.0_73-b02), built on Jan 29 2016 15:02:00 by "java_re" with gcc 4.2.1 (Based on Apple Inc. build 5658) (LLVM build 2336.11.00)

time: Sat Feb 20 13:45:19 2016
elapsed time: 22 seconds (0d 0h 0m 22s)

